<?xml version="1.0" encoding="UTF-8"?>
<robot generator="Robot 7.0 (Python 3.11.1 on win32)" generated="2024-02-14T11:13:14.525051" rpa="false" schemaversion="5">
<suite id="s1" name="Login" source="C:\Users\amibisht\Desktop\Work\repos\ga-demo\login.robot">
<test id="s1-t1" name="Login" line="5">
<kw name="Open Browser" owner="SeleniumLibrary">
<msg time="2024-02-14T11:13:14.670915" level="INFO">Opening browser 'chrome' to base url 'https://www.saucedemo.com/'.</msg>
<arg>https://www.saucedemo.com/</arg>
<arg>chrome</arg>
<doc>Opens a new browser instance to the optional ``url``.</doc>
<status status="PASS" start="2024-02-14T11:13:14.670915" elapsed="7.842618"/>
</kw>
<kw name="Maximize Browser Window" owner="SeleniumLibrary">
<doc>Maximizes current browser window.</doc>
<status status="PASS" start="2024-02-14T11:13:22.513533" elapsed="0.126278"/>
</kw>
<kw name="Wait Until Element Is Visible" owner="SeleniumLibrary">
<arg>id:user-name</arg>
<doc>Waits until the element ``locator`` is visible.</doc>
<status status="PASS" start="2024-02-14T11:13:22.639811" elapsed="0.041860"/>
</kw>
<kw name="Input Text" owner="SeleniumLibrary">
<msg time="2024-02-14T11:13:22.682712" level="INFO">Typing text 'standard_user' into text field 'id:user-name'.</msg>
<arg>id:user-name</arg>
<arg>standard_user</arg>
<doc>Types the given ``text`` into the text field identified by ``locator``.</doc>
<status status="PASS" start="2024-02-14T11:13:22.682712" elapsed="0.105281"/>
</kw>
<kw name="Input Password" owner="SeleniumLibrary">
<msg time="2024-02-14T11:13:22.788999" level="INFO">Typing password into text field 'id:password'.</msg>
<msg time="2024-02-14T11:13:22.828935" level="INFO">Temporally setting log level to: NONE</msg>
<arg>id:password</arg>
<arg>secret_sauce</arg>
<doc>Types the given password into the text field identified by ``locator``.</doc>
<status status="PASS" start="2024-02-14T11:13:22.788999" elapsed="0.089551"/>
</kw>
<kw name="Click Element" owner="SeleniumLibrary">
<msg time="2024-02-14T11:13:22.878550" level="INFO">Clicking element 'id:login-button'.</msg>
<arg>id:login-button</arg>
<doc>Click the element identified by ``locator``.</doc>
<status status="PASS" start="2024-02-14T11:13:22.878550" elapsed="0.075773"/>
</kw>
<kw name="Sleep" owner="BuiltIn">
<msg time="2024-02-14T11:13:27.955752" level="INFO">Slept 5 seconds.</msg>
<arg>5s</arg>
<doc>Pauses the test executed for the given time.</doc>
<status status="PASS" start="2024-02-14T11:13:22.955327" elapsed="5.000425"/>
</kw>
<kw name="Close Browser" owner="SeleniumLibrary">
<doc>Closes the current browser.</doc>
<status status="PASS" start="2024-02-14T11:13:27.957776" elapsed="2.134206"/>
</kw>
<status status="PASS" start="2024-02-14T11:13:14.666959" elapsed="15.426992"/>
</test>
<status status="PASS" start="2024-02-14T11:13:14.525051" elapsed="15.572931"/>
</suite>
<statistics>
<total>
<stat pass="1" fail="0" skip="0">All Tests</stat>
</total>
<tag>
</tag>
<suite>
<stat pass="1" fail="0" skip="0" id="s1" name="Login">Login</stat>
</suite>
</statistics>
<errors>
</errors>
</robot>
